# JRE version: Java(TM) SE Runtime Environment (21.0.2+13) (build 21.0.2+13-LTS-58)
# Java VM: Java HotSpot(TM) 64-Bit Server VM (21.0.2+13-LTS-58, mixed mode, sharing, tiered, compressed oops, compressed class ptrs, g1 gc, windows-amd64)
GC Precious Log:
 CardTable entry size: 512
 Card Set container configuration: InlinePtr #cards 5 size 8 Array Of Cards #cards 12 size 40 Howl #buckets 4 coarsen threshold 1843 Howl Bitmap #cards 512 size 80 coarsen threshold 460 Card regions per heap region 1 cards per card region 2048
 CPUs: 16 total, 16 available
 Memory: 7599M
 Large Page Support: Disabled
 NUMA Support: Disabled
 Compressed Oops: Enabled (32-bit)
 Heap Region Size: 1M
 Heap Min Capacity: 8M
 Heap Initial Capacity: 120M
 Heap Max Capacity: 1900M
 Pre-touch: Disabled
 Parallel Workers: 13
 Concurrent Workers: 3
 Concurrent Refinement Workers: 13
 Periodic GC: Disabled
Heap:
 garbage-first heap   total 92160K, used 68238K [0x0000000089400000, 0x0000000100000000)
  region size 1024K, 28 young (28672K), 6 survivors (6144K)
 Metaspace       used 27063K, committed 27520K, reserved 1114112K
  class space    used 3752K, committed 3968K, reserved 1048576K
GC Heap History (16 events):
Event: 1.081 GC heap before
{Heap before GC invocations=0 (full 0):
 garbage-first heap   total 122880K, used 22528K [0x0000000089400000, 0x0000000100000000)
  region size 1024K, 23 young (23552K), 0 survivors (0K)
 Metaspace       used 4185K, committed 4416K, reserved 1114112K
  class space    used 451K, committed 576K, reserved 1048576K
}
Event: 1.085 GC heap after
{Heap after GC invocations=1 (full 0):
 garbage-first heap   total 122880K, used 2672K [0x0000000089400000, 0x0000000100000000)
  region size 1024K, 3 young (3072K), 3 survivors (3072K)
 Metaspace       used 4185K, committed 4416K, reserved 1114112K
  class space    used 451K, committed 576K, reserved 1048576K
}
Event: 1.832 GC heap before
{Heap before GC invocations=1 (full 0):
 garbage-first heap   total 122880K, used 37488K [0x0000000089400000, 0x0000000100000000)
  region size 1024K, 37 young (37888K), 3 survivors (3072K)
 Metaspace       used 9647K, committed 9984K, reserved 1114112K
  class space    used 1227K, committed 1408K, reserved 1048576K
}
Event: 1.837 GC heap after
{Heap after GC invocations=2 (full 0):
 garbage-first heap   total 122880K, used 5126K [0x0000000089400000, 0x0000000100000000)
  region size 1024K, 5 young (5120K), 5 survivors (5120K)
 Metaspace       used 9647K, committed 9984K, reserved 1114112K
  class space    used 1227K, committed 1408K, reserved 1048576K
}
Event: 17.820 GC heap before
{Heap before GC invocations=2 (full 0):
 garbage-first heap   total 122880K, used 66566K [0x0000000089400000, 0x0000000100000000)
  region size 1024K, 60 young (61440K), 5 survivors (5120K)
 Metaspace       used 21153K, committed 21504K, reserved 1114112K
  class space    used 3081K, committed 3264K, reserved 1048576K
}
Event: 17.835 GC heap after
{Heap after GC invocations=3 (full 0):
 garbage-first heap   total 122880K, used 17847K [0x0000000089400000, 0x0000000100000000)
  region size 1024K, 9 young (9216K), 9 survivors (9216K)
 Metaspace       used 21153K, committed 21504K, reserved 1114112K
  class space    used 3081K, committed 3264K, reserved 1048576K
}
Event: 19.230 GC heap before
{Heap before GC invocations=4 (full 0):
 garbage-first heap   total 68608K, used 66999K [0x0000000089400000, 0x0000000100000000)
  region size 1024K, 58 young (59392K), 9 survivors (9216K)
 Metaspace       used 24015K, committed 24448K, reserved 1114112K
  class space    used 3514K, committed 3712K, reserved 1048576K
}
Event: 19.246 GC heap after
{Heap after GC invocations=5 (full 0):
 garbage-first heap   total 88064K, used 27531K [0x0000000089400000, 0x0000000100000000)
  region size 1024K, 9 young (9216K), 9 survivors (9216K)
 Metaspace       used 24015K, committed 24448K, reserved 1114112K
  class space    used 3514K, committed 3712K, reserved 1048576K
}
Event: 33.320 GC heap before
{Heap before GC invocations=5 (full 0):
 garbage-first heap   total 88064K, used 75659K [0x0000000089400000, 0x0000000100000000)
  region size 1024K, 49 young (50176K), 9 survivors (9216K)
 Metaspace       used 25545K, committed 25984K, reserved 1114112K
  class space    used 3610K, committed 3776K, reserved 1048576K
}
Event: 33.338 GC heap after
{Heap after GC invocations=6 (full 0):
 garbage-first heap   total 92160K, used 36225K [0x0000000089400000, 0x0000000100000000)
  region size 1024K, 5 young (5120K), 5 survivors (5120K)
 Metaspace       used 25545K, committed 25984K, reserved 1114112K
  class space    used 3610K, committed 3776K, reserved 1048576K
}
Event: 61.689 GC heap before
{Heap before GC invocations=6 (full 0):
 garbage-first heap   total 92160K, used 75137K [0x0000000089400000, 0x0000000100000000)
  region size 1024K, 43 young (44032K), 5 survivors (5120K)
 Metaspace       used 26152K, committed 26560K, reserved 1114112K
  class space    used 3672K, committed 3840K, reserved 1048576K
}
Event: 61.699 GC heap after
{Heap after GC invocations=7 (full 0):
 garbage-first heap   total 92160K, used 38878K [0x0000000089400000, 0x0000000100000000)
  region size 1024K, 3 young (3072K), 3 survivors (3072K)
 Metaspace       used 26152K, committed 26560K, reserved 1114112K
  class space    used 3672K, committed 3840K, reserved 1048576K
}
Event: 93.573 GC heap before
{Heap before GC invocations=7 (full 0):
 garbage-first heap   total 92160K, used 77790K [0x0000000089400000, 0x0000000100000000)
  region size 1024K, 41 young (41984K), 3 survivors (3072K)
 Metaspace       used 26800K, committed 27200K, reserved 1114112K
  class space    used 3726K, committed 3904K, reserved 1048576K
}
Event: 93.581 GC heap after
{Heap after GC invocations=8 (full 0):
 garbage-first heap   total 92160K, used 39925K [0x0000000089400000, 0x0000000100000000)
  region size 1024K, 4 young (4096K), 4 survivors (4096K)
 Metaspace       used 26800K, committed 27200K, reserved 1114112K
  class space    used 3726K, committed 3904K, reserved 1048576K
}
Event: 133.023 GC heap before
{Heap before GC invocations=8 (full 0):
 garbage-first heap   total 92160K, used 82933K [0x0000000089400000, 0x0000000100000000)
  region size 1024K, 42 young (43008K), 4 survivors (4096K)
 Metaspace       used 26955K, committed 27456K, reserved 1114112K
  class space    used 3746K, committed 3968K, reserved 1048576K
}
Event: 133.030 GC heap after
{Heap after GC invocations=9 (full 0):
 garbage-first heap   total 92160K, used 46734K [0x0000000089400000, 0x0000000100000000)
  region size 1024K, 6 young (6144K), 6 survivors (6144K)
 Metaspace       used 26955K, committed 27456K, reserved 1114112K
  class space    used 3746K, committed 3968K, reserved 1048576K
}

