# JRE version: Java(TM) SE Runtime Environment (21.0.2+13) (build 21.0.2+13-LTS-58)
# Java VM: Java HotSpot(TM) 64-Bit Server VM (21.0.2+13-LTS-58, mixed mode, sharing, tiered, compressed oops, compressed class ptrs, g1 gc, windows-amd64)
GC Precious Log:
 CardTable entry size: 512
 Card Set container configuration: InlinePtr #cards 5 size 8 Array Of Cards #cards 12 size 40 Howl #buckets 4 coarsen threshold 1843 Howl Bitmap #cards 512 size 80 coarsen threshold 460 Card regions per heap region 1 cards per card region 2048
 CPUs: 16 total, 16 available
 Memory: 7599M
 Large Page Support: Disabled
 NUMA Support: Disabled
 Compressed Oops: Enabled (32-bit)
 Heap Region Size: 1M
 Heap Min Capacity: 8M
 Heap Initial Capacity: 120M
 Heap Max Capacity: 1900M
 Pre-touch: Disabled
 Parallel Workers: 13
 Concurrent Workers: 3
 Concurrent Refinement Workers: 13
 Periodic GC: Disabled
Heap:
 garbage-first heap   total 251904K, used 178840K [0x0000000089400000, 0x0000000100000000)
  region size 1024K, 99 young (101376K), 1 survivors (1024K)
 Metaspace       used 26792K, committed 27264K, reserved 1114112K
  class space    used 3677K, committed 3904K, reserved 1048576K
GC Heap History (20 events):
Event: 51.646 GC heap before
{Heap before GC invocations=7 (full 0):
 garbage-first heap   total 83968K, used 69227K [0x0000000089400000, 0x0000000100000000)
  region size 1024K, 37 young (37888K), 6 survivors (6144K)
 Metaspace       used 25598K, committed 25984K, reserved 1114112K
  class space    used 3615K, committed 3776K, reserved 1048576K
}
Event: 51.657 GC heap after
{Heap after GC invocations=8 (full 0):
 garbage-first heap   total 83968K, used 43874K [0x0000000089400000, 0x0000000100000000)
  region size 1024K, 5 young (5120K), 5 survivors (5120K)
 Metaspace       used 25598K, committed 25984K, reserved 1114112K
  class space    used 3615K, committed 3776K, reserved 1048576K
}
Event: 119.962 GC heap before
{Heap before GC invocations=8 (full 0):
 garbage-first heap   total 83968K, used 70498K [0x0000000089400000, 0x0000000100000000)
  region size 1024K, 31 young (31744K), 5 survivors (5120K)
 Metaspace       used 26090K, committed 26432K, reserved 1114112K
  class space    used 3622K, committed 3776K, reserved 1048576K
}
Event: 119.968 GC heap after
{Heap after GC invocations=9 (full 0):
 garbage-first heap   total 83968K, used 45705K [0x0000000089400000, 0x0000000100000000)
  region size 1024K, 2 young (2048K), 2 survivors (2048K)
 Metaspace       used 26090K, committed 26432K, reserved 1114112K
  class space    used 3622K, committed 3776K, reserved 1048576K
}
Event: 142.838 GC heap before
{Heap before GC invocations=10 (full 0):
 garbage-first heap   total 83968K, used 67209K [0x0000000089400000, 0x0000000100000000)
  region size 1024K, 27 young (27648K), 2 survivors (2048K)
 Metaspace       used 26446K, committed 26944K, reserved 1114112K
  class space    used 3656K, committed 3904K, reserved 1048576K
}
Event: 142.844 GC heap after
{Heap after GC invocations=11 (full 0):
 garbage-first heap   total 83968K, used 43670K [0x0000000089400000, 0x0000000100000000)
  region size 1024K, 4 young (4096K), 4 survivors (4096K)
 Metaspace       used 26446K, committed 26944K, reserved 1114112K
  class space    used 3656K, committed 3904K, reserved 1048576K
}
Event: 165.955 GC heap before
{Heap before GC invocations=11 (full 0):
 garbage-first heap   total 86016K, used 84630K [0x0000000089400000, 0x0000000100000000)
  region size 1024K, 29 young (29696K), 4 survivors (4096K)
 Metaspace       used 26685K, committed 27136K, reserved 1114112K
  class space    used 3672K, committed 3904K, reserved 1048576K
}
Event: 165.961 GC heap after
{Heap after GC invocations=12 (full 0):
 garbage-first heap   total 90112K, used 46424K [0x0000000089400000, 0x0000000100000000)
  region size 1024K, 1 young (1024K), 1 survivors (1024K)
 Metaspace       used 26685K, committed 27136K, reserved 1114112K
  class space    used 3672K, committed 3904K, reserved 1048576K
}
Event: 165.985 GC heap before
{Heap before GC invocations=12 (full 0):
 garbage-first heap   total 90112K, used 47448K [0x0000000089400000, 0x0000000100000000)
  region size 1024K, 3 young (3072K), 1 survivors (1024K)
 Metaspace       used 26686K, committed 27136K, reserved 1114112K
  class space    used 3672K, committed 3904K, reserved 1048576K
}
Event: 165.988 GC heap after
{Heap after GC invocations=13 (full 0):
 garbage-first heap   total 90112K, used 44178K [0x0000000089400000, 0x0000000100000000)
  region size 1024K, 1 young (1024K), 1 survivors (1024K)
 Metaspace       used 26686K, committed 27136K, reserved 1114112K
  class space    used 3672K, committed 3904K, reserved 1048576K
}
Event: 166.470 GC heap before
{Heap before GC invocations=14 (full 0):
 garbage-first heap   total 93184K, used 92306K [0x0000000089400000, 0x0000000100000000)
  region size 1024K, 19 young (19456K), 1 survivors (1024K)
 Metaspace       used 26694K, committed 27136K, reserved 1114112K
  class space    used 3672K, committed 3904K, reserved 1048576K
}
Event: 166.474 GC heap after
{Heap after GC invocations=15 (full 0):
 garbage-first heap   total 94208K, used 43126K [0x0000000089400000, 0x0000000100000000)
  region size 1024K, 1 young (1024K), 1 survivors (1024K)
 Metaspace       used 26694K, committed 27136K, reserved 1114112K
  class space    used 3672K, committed 3904K, reserved 1048576K
}
Event: 166.719 GC heap before
{Heap before GC invocations=15 (full 0):
 garbage-first heap   total 94208K, used 93302K [0x0000000089400000, 0x0000000100000000)
  region size 1024K, 21 young (21504K), 1 survivors (1024K)
 Metaspace       used 26709K, committed 27136K, reserved 1114112K
  class space    used 3672K, committed 3904K, reserved 1048576K
}
Event: 166.722 GC heap after
{Heap after GC invocations=16 (full 0):
 garbage-first heap   total 96256K, used 42670K [0x0000000089400000, 0x0000000100000000)
  region size 1024K, 1 young (1024K), 1 survivors (1024K)
 Metaspace       used 26709K, committed 27136K, reserved 1114112K
  class space    used 3672K, committed 3904K, reserved 1048576K
}
Event: 166.731 GC heap before
{Heap before GC invocations=16 (full 0):
 garbage-first heap   total 96256K, used 42670K [0x0000000089400000, 0x0000000100000000)
  region size 1024K, 2 young (2048K), 1 survivors (1024K)
 Metaspace       used 26709K, committed 27136K, reserved 1114112K
  class space    used 3672K, committed 3904K, reserved 1048576K
}
Event: 166.734 GC heap after
{Heap after GC invocations=17 (full 0):
 garbage-first heap   total 96256K, used 42644K [0x0000000089400000, 0x0000000100000000)
  region size 1024K, 1 young (1024K), 1 survivors (1024K)
 Metaspace       used 26709K, committed 27136K, reserved 1114112K
  class space    used 3672K, committed 3904K, reserved 1048576K
}
Event: 166.735 GC heap before
{Heap before GC invocations=17 (full 0):
 garbage-first heap   total 96256K, used 43668K [0x0000000089400000, 0x0000000100000000)
  region size 1024K, 2 young (2048K), 1 survivors (1024K)
 Metaspace       used 26709K, committed 27136K, reserved 1114112K
  class space    used 3672K, committed 3904K, reserved 1048576K
}
Event: 166.737 GC heap after
{Heap after GC invocations=18 (full 0):
 garbage-first heap   total 96256K, used 40614K [0x0000000089400000, 0x0000000100000000)
  region size 1024K, 1 young (1024K), 1 survivors (1024K)
 Metaspace       used 26709K, committed 27136K, reserved 1114112K
  class space    used 3672K, committed 3904K, reserved 1048576K
}
Event: 166.757 GC heap before
{Heap before GC invocations=18 (full 0):
 garbage-first heap   total 96256K, used 43686K [0x0000000089400000, 0x0000000100000000)
  region size 1024K, 3 young (3072K), 1 survivors (1024K)
 Metaspace       used 26709K, committed 27136K, reserved 1114112K
  class space    used 3672K, committed 3904K, reserved 1048576K
}
Event: 166.761 GC heap after
{Heap after GC invocations=19 (full 0):
 garbage-first heap   total 251904K, used 42648K [0x0000000089400000, 0x0000000100000000)
  region size 1024K, 1 young (1024K), 1 survivors (1024K)
 Metaspace       used 26709K, committed 27136K, reserved 1114112K
  class space    used 3672K, committed 3904K, reserved 1048576K
}

